build/app/intermediates/manifest_merge_blame_file/release/manifest-merger-blame-release-report.txt
1<?xml version="1.0" encoding="utf-8"?>
2<manifest xmlns:android="http://schemas.android.com/apk/res/android"
3    package="com.example.client_cp_final"
4    android:versionCode="1"
5    android:versionName="1.0.0" >
6
7    <uses-sdk
8        android:minSdkVersion="21"
8-->src\main\AndroidManifest.xml
9        android:targetSdkVersion="33" />
9-->src\main\AndroidManifest.xml
10
11    <queries>
11-->[:flutter_inappwebview] AndroidManifest.xml:9:5-13:15
12        <intent>
12-->[:flutter_inappwebview] AndroidManifest.xml:10:9-12:18
13            <action android:name="android.support.customtabs.action.CustomTabsService" />
13-->[:flutter_inappwebview] AndroidManifest.xml:11:13-90
13-->[:flutter_inappwebview] AndroidManifest.xml:11:21-87
14        </intent>
15    </queries>
16
17    <uses-permission android:name="android.permission.INTERNET" />
17-->[com.google.firebase:firebase-auth:21.2.0] AndroidManifest.xml:25:5-67
17-->[com.google.firebase:firebase-auth:21.2.0] AndroidManifest.xml:25:22-64
18    <uses-permission android:name="android.permission.ACCESS_NETWORK_STATE" />
18-->[com.google.firebase:firebase-auth:21.2.0] AndroidManifest.xml:26:5-79
18-->[com.google.firebase:firebase-auth:21.2.0] AndroidManifest.xml:26:22-76
19
20    <application
21        android:name="android.app.Application"
21-->src\main\AndroidManifest.xml:5:9-42
22        android:appComponentFactory="androidx.core.app.CoreComponentFactory"
22-->[androidx.core:core:1.8.0] AndroidManifest.xml:24:18-86
23        android:icon="@mipmap/ic_launcher"
23-->src\main\AndroidManifest.xml:6:9-43
24        android:label="client_cp_final" >
24-->src\main\AndroidManifest.xml:4:9-40
25        <activity
25-->src\main\AndroidManifest.xml:7:9-27:20
26            android:name="com.example.client_cp_final.MainActivity"
26-->src\main\AndroidManifest.xml:8:13-41
27            android:configChanges="orientation|keyboardHidden|keyboard|screenSize|smallestScreenSize|locale|layoutDirection|fontScale|screenLayout|density|uiMode"
27-->src\main\AndroidManifest.xml:12:13-163
28            android:exported="true"
28-->src\main\AndroidManifest.xml:9:13-36
29            android:hardwareAccelerated="true"
29-->src\main\AndroidManifest.xml:13:13-47
30            android:launchMode="singleTop"
30-->src\main\AndroidManifest.xml:10:13-43
31            android:theme="@style/LaunchTheme"
31-->src\main\AndroidManifest.xml:11:13-47
32            android:windowSoftInputMode="adjustResize" >
32-->src\main\AndroidManifest.xml:14:13-55
33
34            <!--
35                 Specifies an Android theme to apply to this Activity as soon as
36                 the Android process has started. This theme is visible to the user
37                 while the Flutter UI initializes. After that, this theme continues
38                 to determine the Window background behind the Flutter UI.
39            -->
40            <meta-data
40-->src\main\AndroidManifest.xml:19:13-22:17
41                android:name="io.flutter.embedding.android.NormalTheme"
41-->src\main\AndroidManifest.xml:20:15-70
42                android:resource="@style/NormalTheme" />
42-->src\main\AndroidManifest.xml:21:15-52
43
44            <intent-filter>
44-->src\main\AndroidManifest.xml:23:13-26:29
45                <action android:name="android.intent.action.MAIN" />
45-->src\main\AndroidManifest.xml:24:17-68
45-->src\main\AndroidManifest.xml:24:25-66
46
47                <category android:name="android.intent.category.LAUNCHER" />
47-->src\main\AndroidManifest.xml:25:17-76
47-->src\main\AndroidManifest.xml:25:27-74
48            </intent-filter>
49        </activity>
50        <!--
51             Don't delete the meta-data below.
52             This is used by the Flutter tool to generate GeneratedPluginRegistrant.java
53        -->
54        <meta-data
54-->src\main\AndroidManifest.xml:30:9-32:33
55            android:name="flutterEmbedding"
55-->src\main\AndroidManifest.xml:31:13-44
56            android:value="2" />
56-->src\main\AndroidManifest.xml:32:13-30
57        <meta-data
57-->src\main\AndroidManifest.xml:34:9-36:71
58            android:name="com.google.android.geo.AIzaSyC8QIP1SvMdkEpJZWQasunL62zv982it_c"
58-->src\main\AndroidManifest.xml:35:13-90
59            android:value="AIzaSyC8QIP1SvMdkEpJZWQasunL62zv982it_c" />
59-->src\main\AndroidManifest.xml:36:13-68
60
61        <service
61-->[:firebase_auth] AndroidManifest.xml:10:9-14:19
62            android:name="com.google.firebase.components.ComponentDiscoveryService"
62-->[:firebase_auth] AndroidManifest.xml:10:18-89
63            android:directBootAware="true"
63-->[com.google.firebase:firebase-common:20.3.2] AndroidManifest.xml:34:13-43
64            android:exported="false" >
64-->[com.google.firebase:firebase-auth:21.2.0] AndroidManifest.xml:68:13-37
65            <meta-data
65-->[:firebase_auth] AndroidManifest.xml:11:13-13:85
66                android:name="com.google.firebase.components:io.flutter.plugins.firebase.auth.FlutterFirebaseAuthRegistrar"
66-->[:firebase_auth] AndroidManifest.xml:12:17-124
67                android:value="com.google.firebase.components.ComponentRegistrar" />
67-->[:firebase_auth] AndroidManifest.xml:13:17-82
68            <meta-data
68-->[:firebase_database] AndroidManifest.xml:11:13-13:85
69                android:name="com.google.firebase.components:io.flutter.plugins.firebase.database.FlutterFirebaseAppRegistrar"
69-->[:firebase_database] AndroidManifest.xml:12:17-127
70                android:value="com.google.firebase.components.ComponentRegistrar" />
70-->[:firebase_database] AndroidManifest.xml:13:17-82
71            <meta-data
71-->[:cloud_firestore] AndroidManifest.xml:11:13-13:85
72                android:name="com.google.firebase.components:io.flutter.plugins.firebase.firestore.FlutterFirebaseFirestoreRegistrar"
72-->[:cloud_firestore] AndroidManifest.xml:12:17-134
73                android:value="com.google.firebase.components.ComponentRegistrar" />
73-->[:cloud_firestore] AndroidManifest.xml:13:17-82
74            <meta-data
74-->[:firebase_core] AndroidManifest.xml:11:13-13:85
75                android:name="com.google.firebase.components:io.flutter.plugins.firebase.core.FlutterFirebaseCoreRegistrar"
75-->[:firebase_core] AndroidManifest.xml:12:17-124
76                android:value="com.google.firebase.components.ComponentRegistrar" />
76-->[:firebase_core] AndroidManifest.xml:13:17-82
77            <meta-data
77-->[com.google.firebase:firebase-auth:21.2.0] AndroidManifest.xml:69:13-71:85
78                android:name="com.google.firebase.components:com.google.firebase.auth.FirebaseAuthRegistrar"
78-->[com.google.firebase:firebase-auth:21.2.0] AndroidManifest.xml:70:17-109
79                android:value="com.google.firebase.components.ComponentRegistrar" />
79-->[com.google.firebase:firebase-auth:21.2.0] AndroidManifest.xml:71:17-82
80            <meta-data
80-->[com.google.firebase:firebase-firestore:24.4.5] AndroidManifest.xml:19:13-21:85
81                android:name="com.google.firebase.components:com.google.firebase.firestore.FirestoreRegistrar"
81-->[com.google.firebase:firebase-firestore:24.4.5] AndroidManifest.xml:20:17-111
82                android:value="com.google.firebase.components.ComponentRegistrar" />
82-->[com.google.firebase:firebase-firestore:24.4.5] AndroidManifest.xml:21:17-82
83            <meta-data
83-->[com.google.firebase:firebase-database:20.1.0] AndroidManifest.xml:31:13-33:85
84                android:name="com.google.firebase.components:com.google.firebase.database.DatabaseRegistrar"
84-->[com.google.firebase:firebase-database:20.1.0] AndroidManifest.xml:32:17-109
85                android:value="com.google.firebase.components.ComponentRegistrar" />
85-->[com.google.firebase:firebase-database:20.1.0] AndroidManifest.xml:33:17-82
86        </service>
87
88        <activity
88-->[:flutter_inappwebview] AndroidManifest.xml:16:9-20:47
89            android:name="com.pichillilorenzo.flutter_inappwebview.in_app_browser.InAppBrowserActivity"
89-->[:flutter_inappwebview] AndroidManifest.xml:17:13-104
90            android:configChanges="orientation|keyboardHidden|keyboard|screenSize|locale|layoutDirection|fontScale|screenLayout|density"
90-->[:flutter_inappwebview] AndroidManifest.xml:18:13-137
91            android:exported="false"
91-->[:flutter_inappwebview] AndroidManifest.xml:19:13-37
92            android:theme="@style/AppTheme" />
92-->[:flutter_inappwebview] AndroidManifest.xml:20:13-44
93        <activity
93-->[:flutter_inappwebview] AndroidManifest.xml:21:9-24:55
94            android:name="com.pichillilorenzo.flutter_inappwebview.chrome_custom_tabs.ChromeCustomTabsActivity"
94-->[:flutter_inappwebview] AndroidManifest.xml:22:13-112
95            android:exported="false"
95-->[:flutter_inappwebview] AndroidManifest.xml:23:13-37
96            android:theme="@style/ThemeTransparent" />
96-->[:flutter_inappwebview] AndroidManifest.xml:24:13-52
97        <activity
97-->[:flutter_inappwebview] AndroidManifest.xml:25:9-28:55
98            android:name="com.pichillilorenzo.flutter_inappwebview.chrome_custom_tabs.TrustedWebActivity"
98-->[:flutter_inappwebview] AndroidManifest.xml:26:13-106
99            android:exported="false"
99-->[:flutter_inappwebview] AndroidManifest.xml:27:13-37
100            android:theme="@style/ThemeTransparent" />
100-->[:flutter_inappwebview] AndroidManifest.xml:28:13-52
101        <activity
101-->[:flutter_inappwebview] AndroidManifest.xml:29:9-33:55
102            android:name="com.pichillilorenzo.flutter_inappwebview.chrome_custom_tabs.ChromeCustomTabsActivitySingleInstance"
102-->[:flutter_inappwebview] AndroidManifest.xml:30:13-126
103            android:exported="false"
103-->[:flutter_inappwebview] AndroidManifest.xml:31:13-37
104            android:launchMode="singleInstance"
104-->[:flutter_inappwebview] AndroidManifest.xml:32:13-48
105            android:theme="@style/ThemeTransparent" />
105-->[:flutter_inappwebview] AndroidManifest.xml:33:13-52
106        <activity
106-->[:flutter_inappwebview] AndroidManifest.xml:34:9-38:55
107            android:name="com.pichillilorenzo.flutter_inappwebview.chrome_custom_tabs.TrustedWebActivitySingleInstance"
107-->[:flutter_inappwebview] AndroidManifest.xml:35:13-120
108            android:exported="false"
108-->[:flutter_inappwebview] AndroidManifest.xml:36:13-37
109            android:launchMode="singleInstance"
109-->[:flutter_inappwebview] AndroidManifest.xml:37:13-48
110            android:theme="@style/ThemeTransparent" />
110-->[:flutter_inappwebview] AndroidManifest.xml:38:13-52
111
112        <receiver
112-->[:flutter_inappwebview] AndroidManifest.xml:40:9-43:40
113            android:name="com.pichillilorenzo.flutter_inappwebview.chrome_custom_tabs.ActionBroadcastReceiver"
113-->[:flutter_inappwebview] AndroidManifest.xml:41:13-111
114            android:enabled="true"
114-->[:flutter_inappwebview] AndroidManifest.xml:42:13-35
115            android:exported="false" />
115-->[:flutter_inappwebview] AndroidManifest.xml:43:13-37
116
117        <meta-data
117-->[:flutter_inappwebview] AndroidManifest.xml:45:9-47:36
118            android:name="io.flutter.embedded_views_preview"
118-->[:flutter_inappwebview] AndroidManifest.xml:46:13-61
119            android:value="true" />
119-->[:flutter_inappwebview] AndroidManifest.xml:47:13-33
120
121        <activity
121-->[com.google.firebase:firebase-auth:21.2.0] AndroidManifest.xml:29:9-46:20
122            android:name="com.google.firebase.auth.internal.GenericIdpActivity"
122-->[com.google.firebase:firebase-auth:21.2.0] AndroidManifest.xml:30:13-80
123            android:excludeFromRecents="true"
123-->[com.google.firebase:firebase-auth:21.2.0] AndroidManifest.xml:31:13-46
124            android:exported="true"
124-->[com.google.firebase:firebase-auth:21.2.0] AndroidManifest.xml:32:13-36
125            android:launchMode="singleTask"
125-->[com.google.firebase:firebase-auth:21.2.0] AndroidManifest.xml:33:13-44
126            android:theme="@android:style/Theme.Translucent.NoTitleBar" >
126-->[com.google.firebase:firebase-auth:21.2.0] AndroidManifest.xml:34:13-72
127            <intent-filter>
127-->[com.google.firebase:firebase-auth:21.2.0] AndroidManifest.xml:35:13-45:29
128                <action android:name="android.intent.action.VIEW" />
128-->[com.google.firebase:firebase-auth:21.2.0] AndroidManifest.xml:36:17-69
128-->[com.google.firebase:firebase-auth:21.2.0] AndroidManifest.xml:36:25-66
129
130                <category android:name="android.intent.category.DEFAULT" />
130-->[com.google.firebase:firebase-auth:21.2.0] AndroidManifest.xml:38:17-76
130-->[com.google.firebase:firebase-auth:21.2.0] AndroidManifest.xml:38:27-73
131                <category android:name="android.intent.category.BROWSABLE" />
131-->[com.google.firebase:firebase-auth:21.2.0] AndroidManifest.xml:39:17-78
131-->[com.google.firebase:firebase-auth:21.2.0] AndroidManifest.xml:39:27-75
132
133                <data
133-->[com.google.firebase:firebase-auth:21.2.0] AndroidManifest.xml:41:17-44:51
134                    android:host="firebase.auth"
134-->[com.google.firebase:firebase-auth:21.2.0] AndroidManifest.xml:42:21-49
135                    android:path="/"
135-->[com.google.firebase:firebase-auth:21.2.0] AndroidManifest.xml:43:21-37
136                    android:scheme="genericidp" />
136-->[com.google.firebase:firebase-auth:21.2.0] AndroidManifest.xml:44:21-48
137            </intent-filter>
138        </activity>
139        <activity
139-->[com.google.firebase:firebase-auth:21.2.0] AndroidManifest.xml:47:9-64:20
140            android:name="com.google.firebase.auth.internal.RecaptchaActivity"
140-->[com.google.firebase:firebase-auth:21.2.0] AndroidManifest.xml:48:13-79
141            android:excludeFromRecents="true"
141-->[com.google.firebase:firebase-auth:21.2.0] AndroidManifest.xml:49:13-46
142            android:exported="true"
142-->[com.google.firebase:firebase-auth:21.2.0] AndroidManifest.xml:50:13-36
143            android:launchMode="singleTask"
143-->[com.google.firebase:firebase-auth:21.2.0] AndroidManifest.xml:51:13-44
144            android:theme="@android:style/Theme.Translucent.NoTitleBar" >
144-->[com.google.firebase:firebase-auth:21.2.0] AndroidManifest.xml:52:13-72
145            <intent-filter>
145-->[com.google.firebase:firebase-auth:21.2.0] AndroidManifest.xml:53:13-63:29
146                <action android:name="android.intent.action.VIEW" />
146-->[com.google.firebase:firebase-auth:21.2.0] AndroidManifest.xml:36:17-69
146-->[com.google.firebase:firebase-auth:21.2.0] AndroidManifest.xml:36:25-66
147
148                <category android:name="android.intent.category.DEFAULT" />
148-->[com.google.firebase:firebase-auth:21.2.0] AndroidManifest.xml:38:17-76
148-->[com.google.firebase:firebase-auth:21.2.0] AndroidManifest.xml:38:27-73
149                <category android:name="android.intent.category.BROWSABLE" />
149-->[com.google.firebase:firebase-auth:21.2.0] AndroidManifest.xml:39:17-78
149-->[com.google.firebase:firebase-auth:21.2.0] AndroidManifest.xml:39:27-75
150
151                <data
151-->[com.google.firebase:firebase-auth:21.2.0] AndroidManifest.xml:41:17-44:51
152                    android:host="firebase.auth"
152-->[com.google.firebase:firebase-auth:21.2.0] AndroidManifest.xml:42:21-49
153                    android:path="/"
153-->[com.google.firebase:firebase-auth:21.2.0] AndroidManifest.xml:43:21-37
154                    android:scheme="recaptcha" />
154-->[com.google.firebase:firebase-auth:21.2.0] AndroidManifest.xml:44:21-48
155            </intent-filter>
156        </activity>
157
158        <uses-library
158-->[androidx.window:window:1.0.0-beta04] AndroidManifest.xml:25:9-27:40
159            android:name="androidx.window.extensions"
159-->[androidx.window:window:1.0.0-beta04] AndroidManifest.xml:26:13-54
160            android:required="false" />
160-->[androidx.window:window:1.0.0-beta04] AndroidManifest.xml:27:13-37
161        <uses-library
161-->[androidx.window:window:1.0.0-beta04] AndroidManifest.xml:28:9-30:40
162            android:name="androidx.window.sidecar"
162-->[androidx.window:window:1.0.0-beta04] AndroidManifest.xml:29:13-51
163            android:required="false" />
163-->[androidx.window:window:1.0.0-beta04] AndroidManifest.xml:30:13-37
164
165        <provider
165-->[com.google.firebase:firebase-common:20.3.2] AndroidManifest.xml:25:9-30:39
166            android:name="com.google.firebase.provider.FirebaseInitProvider"
166-->[com.google.firebase:firebase-common:20.3.2] AndroidManifest.xml:26:13-77
167            android:authorities="com.example.client_cp_final.firebaseinitprovider"
167-->[com.google.firebase:firebase-common:20.3.2] AndroidManifest.xml:27:13-72
168            android:directBootAware="true"
168-->[com.google.firebase:firebase-common:20.3.2] AndroidManifest.xml:28:13-43
169            android:exported="false"
169-->[com.google.firebase:firebase-common:20.3.2] AndroidManifest.xml:29:13-37
170            android:initOrder="100" />
170-->[com.google.firebase:firebase-common:20.3.2] AndroidManifest.xml:30:13-36
171
172        <activity
172-->[com.google.android.gms:play-services-base:18.0.1] AndroidManifest.xml:20:9-22:45
173            android:name="com.google.android.gms.common.api.GoogleApiActivity"
173-->[com.google.android.gms:play-services-base:18.0.1] AndroidManifest.xml:20:19-85
174            android:exported="false"
174-->[com.google.android.gms:play-services-base:18.0.1] AndroidManifest.xml:22:19-43
175            android:theme="@android:style/Theme.Translucent.NoTitleBar" />
175-->[com.google.android.gms:play-services-base:18.0.1] AndroidManifest.xml:21:19-78
176
177        <meta-data
177-->[com.google.android.gms:play-services-basement:18.1.0] AndroidManifest.xml:21:9-23:69
178            android:name="com.google.android.gms.version"
178-->[com.google.android.gms:play-services-basement:18.1.0] AndroidManifest.xml:22:13-58
179            android:value="@integer/google_play_services_version" />
179-->[com.google.android.gms:play-services-basement:18.1.0] AndroidManifest.xml:23:13-66
180
181        <provider
181-->[androidx.emoji2:emoji2:1.2.0] AndroidManifest.xml:24:9-32:20
182            android:name="androidx.startup.InitializationProvider"
182-->[androidx.emoji2:emoji2:1.2.0] AndroidManifest.xml:25:13-67
183            android:authorities="com.example.client_cp_final.androidx-startup"
183-->[androidx.emoji2:emoji2:1.2.0] AndroidManifest.xml:26:13-68
184            android:exported="false" >
184-->[androidx.emoji2:emoji2:1.2.0] AndroidManifest.xml:27:13-37
185            <meta-data
185-->[androidx.emoji2:emoji2:1.2.0] AndroidManifest.xml:29:13-31:52
186                android:name="androidx.emoji2.text.EmojiCompatInitializer"
186-->[androidx.emoji2:emoji2:1.2.0] AndroidManifest.xml:30:17-75
187                android:value="androidx.startup" />
187-->[androidx.emoji2:emoji2:1.2.0] AndroidManifest.xml:31:17-49
188            <meta-data
188-->[androidx.lifecycle:lifecycle-process:2.4.1] AndroidManifest.xml:31:13-33:52
189                android:name="androidx.lifecycle.ProcessLifecycleInitializer"
189-->[androidx.lifecycle:lifecycle-process:2.4.1] AndroidManifest.xml:32:17-78
190                android:value="androidx.startup" />
190-->[androidx.lifecycle:lifecycle-process:2.4.1] AndroidManifest.xml:33:17-49
191        </provider>
192    </application>
193
194</manifest>